<?xml version="1.0" encoding="UTF-8"?>
<!-- Generated by org.testng.reporters.JUnitReportReporter -->
<testsuite hostname="MCKL-7604-T" failures="0" tests="1" name="testCases.TriggerNavigationTest" time="0.000" errors="0" timestamp="2023-04-11T21:08:54 IST" skipped="1">
  <testcase classname="testCases.TriggerNavigationTest" name="TestForTriggerSearch" time="0.000">
    <skipped/>
  </testcase> <!-- TestForTriggerSearch -->
  <system-out/>
</testsuite> <!-- testCases.TriggerNavigationTest -->
